<?xml version="1.0" encoding="UTF-8"?>
<testng-results skipped="0" failed="0" total="0" passed="0">
  <reporter-output>
  </reporter-output>
  <suite name="com.yiibai.profile.AppTest" duration-ms="3" started-at="2018-11-16T06:08:42Z" finished-at="2018-11-16T06:08:42Z">
    <groups>
    </groups>
    <test name="Command line test" duration-ms="3" started-at="2018-11-16T06:08:42Z" finished-at="2018-11-16T06:08:42Z">
    </test> <!-- Command line test -->
  </suite> <!-- com.yiibai.profile.AppTest -->
</testng-results>
